{
  "RSpec": {
    "coverage": {
      "/Users/JonathanThom/Desktop/dogtography/spec/features/packages_path_spec.rb": [
        1,
        null,
        1,
        1,
        1,
        1,
        1,
        1,
        1,
        1,
        1,
        1,
        1,
        null,
        null,
        1,
        1,
        1,
        1,
        1,
        1,
        null,
        null,
        1,
        1,
        1,
        1,
        null,
        null,
        1,
        1,
        1,
        1,
        1,
        1,
        1,
        1,
        null,
        null,
        1,
        1,
        1,
        1,
        1,
        1,
        1,
        1,
        null,
        null,
        1,
        1,
        1,
        1,
        1,
        1,
        1,
        null,
        null
      ],
      "/Users/JonathanThom/Desktop/dogtography/spec/rails_helper.rb": [
        null,
        1,
        1,
        null,
        1,
        1,
        1,
        1,
        1,
        null,
        null,
        null,
        null,
        null,
        null,
        null,
        null,
        null,
        null,
        null,
        null,
        null,
        null,
        null,
        null,
        null,
        null,
        null,
        1,
        null,
        null,
        1,
        1,
        null,
        1,
        null,
        null,
        null,
        null,
        1,
        null,
        null,
        null,
        null,
        null,
        null,
        null,
        null,
        null,
        null,
        null,
        null,
        null,
        null,
        1,
        null,
        null,
        1,
        null,
        null,
        null,
        null,
        1,
        1,
        1,
        1,
        null,
        null
      ],
      "/Users/JonathanThom/Desktop/dogtography/config/environment.rb": [
        null,
        1,
        null,
        null,
        1
      ],
      "/Users/JonathanThom/Desktop/dogtography/config/application.rb": [
        1,
        null,
        1,
        null,
        1,
        1,
        1,
        1,
        1,
        1,
        1,
        1,
        null,
        null,
        null,
        null,
        1,
        null,
        1,
        1,
        null,
        null,
        null,
        null,
        null
      ],
      "/Users/JonathanThom/Desktop/dogtography/config/boot.rb": [
        1,
        null,
        1
      ],
      "/Users/JonathanThom/Desktop/dogtography/config/environments/test.rb": [
        1,
        null,
        null,
        null,
        null,
        null,
        null,
        1,
        null,
        null,
        null,
        null,
        1,
        null,
        null,
        1,
        1,
        null,
        null,
        null,
        null,
        1,
        1,
        null,
        null,
        1,
        null,
        null,
        1,
        1,
        null,
        null,
        null,
        null,
        1,
        null,
        null,
        1,
        null,
        null,
        null,
        null
      ],
      "/Users/JonathanThom/Desktop/dogtography/config/initializers/application_controller_renderer.rb": [
        null,
        null,
        null,
        null,
        null,
        null
      ],
      "/Users/JonathanThom/Desktop/dogtography/config/initializers/assets.rb": [
        null,
        null,
        null,
        1,
        null,
        null,
        null,
        null,
        null,
        null,
        null
      ],
      "/Users/JonathanThom/Desktop/dogtography/config/initializers/backtrace_silencers.rb": [
        null,
        null,
        null,
        null,
        null,
        null,
        null
      ],
      "/Users/JonathanThom/Desktop/dogtography/config/initializers/cookies_serializer.rb": [
        null,
        null,
        null,
        null,
        1
      ],
      "/Users/JonathanThom/Desktop/dogtography/config/initializers/devise.rb": [
        null,
        null,
        1,
        null,
        null,
        null,
        null,
        null,
        null,
        null,
        null,
        null,
        null,
        null,
        1,
        null,
        null,
        null,
        null,
        null,
        null,
        null,
        null,
        null,
        null,
        null,
        1,
        null,
        null,
        null,
        null,
        null,
        null,
        null,
        null,
        null,
        null,
        null,
        null,
        null,
        null,
        null,
        null,
        null,
        null,
        null,
        null,
        null,
        1,
        null,
        null,
        null,
        null,
        1,
        null,
        null,
        null,
        null,
        null,
        null,
        null,
        null,
        null,
        null,
        null,
        null,
        null,
        null,
        null,
        null,
        null,
        null,
        null,
        null,
        null,
        null,
        null,
        null,
        null,
        null,
        null,
        null,
        null,
        null,
        1,
        null,
        null,
        null,
        null,
        null,
        null,
        null,
        null,
        null,
        null,
        null,
        null,
        null,
        null,
        null,
        null,
        null,
        null,
        null,
        null,
        null,
        null,
        1,
        null,
        null,
        null,
        null,
        null,
        null,
        null,
        null,
        null,
        null,
        null,
        null,
        null,
        null,
        null,
        null,
        null,
        null,
        null,
        null,
        null,
        null,
        null,
        null,
        null,
        null,
        null,
        1,
        null,
        null,
        null,
        null,
        null,
        null,
        null,
        null,
        null,
        1,
        null,
        null,
        null,
        null,
        null,
        null,
        null,
        null,
        null,
        null,
        1,
        null,
        null,
        null,
        null,
        1,
        null,
        null,
        null,
        null,
        null,
        null,
        null,
        null,
        null,
        null,
        null,
        null,
        null,
        null,
        null,
        null,
        null,
        null,
        null,
        null,
        null,
        null,
        null,
        null,
        null,
        null,
        null,
        null,
        null,
        null,
        null,
        null,
        null,
        null,
        null,
        null,
        null,
        null,
        null,
        null,
        1,
        null,
        null,
        null,
        null,
        null,
        null,
        null,
        null,
        null,
        null,
        null,
        null,
        null,
        null,
        null,
        null,
        null,
        null,
        null,
        null,
        null,
        null,
        null,
        null,
        null,
        null,
        null,
        null,
        null,
        null,
        null,
        null,
        null,
        null,
        null,
        null,
        null,
        null,
        null,
        null,
        null,
        1,
        null,
        null,
        null,
        null,
        null,
        null,
        null,
        null,
        null,
        null,
        null,
        null,
        null,
        null,
        null,
        null,
        null,
        null,
        null,
        null,
        null,
        null,
        null,
        null,
        null,
        null,
        null,
        null,
        null
      ],
      "/Users/JonathanThom/Desktop/dogtography/config/initializers/filter_parameter_logging.rb": [
        null,
        null,
        null,
        1
      ],
      "/Users/JonathanThom/Desktop/dogtography/config/initializers/inflections.rb": [
        null,
        null,
        null,
        null,
        null,
        null,
        null,
        null,
        null,
        null,
        null,
        null,
        null,
        null,
        null,
        null
      ],
      "/Users/JonathanThom/Desktop/dogtography/config/initializers/mime_types.rb": [
        null,
        null,
        null,
        null
      ],
      "/Users/JonathanThom/Desktop/dogtography/config/initializers/new_framework_defaults.rb": [
        null,
        null,
        null,
        null,
        null,
        null,
        null,
        1,
        null,
        null,
        1,
        null,
        null,
        null,
        1,
        null,
        null,
        1,
        null,
        null,
        1,
        null,
        null,
        1
      ],
      "/Users/JonathanThom/Desktop/dogtography/config/initializers/paperclip.rb": [
        1
      ],
      "/Users/JonathanThom/Desktop/dogtography/config/initializers/session_store.rb": [
        null,
        null,
        1
      ],
      "/Users/JonathanThom/Desktop/dogtography/config/initializers/wrap_parameters.rb": [
        null,
        null,
        null,
        null,
        null,
        null,
        1,
        2,
        null,
        null,
        null,
        null,
        null,
        null
      ],
      "/Users/JonathanThom/Desktop/dogtography/config/routes.rb": [
        1,
        1,
        1,
        null,
        1,
        1,
        null,
        null
      ],
      "/Users/JonathanThom/Desktop/dogtography/app/models/user.rb": [
        1,
        null,
        null,
        1,
        null,
        null,
        1,
        1,
        null,
        1,
        1,
        null,
        null,
        1,
        11,
        null,
        null
      ],
      "/Users/JonathanThom/Desktop/dogtography/app/models/application_record.rb": [
        1,
        1,
        null
      ],
      "/Users/JonathanThom/Desktop/dogtography/app/controllers/application_controller.rb": [
        1,
        1,
        null
      ],
      "/Users/JonathanThom/Desktop/dogtography/app/helpers/application_helper.rb": [
        1,
        null
      ],
      "/Users/JonathanThom/Desktop/dogtography/app/channels/application_cable/channel.rb": [
        1,
        1,
        null,
        null
      ],
      "/Users/JonathanThom/Desktop/dogtography/app/channels/application_cable/connection.rb": [
        1,
        1,
        null,
        null
      ],
      "/Users/JonathanThom/Desktop/dogtography/app/controllers/comments_controller.rb": [
        1,
        null
      ],
      "/Users/JonathanThom/Desktop/dogtography/app/controllers/home_controller.rb": [
        1,
        1,
        null,
        null
      ],
      "/Users/JonathanThom/Desktop/dogtography/app/controllers/packages_controller.rb": [
        1,
        1,
        9,
        null,
        null,
        1,
        1,
        null,
        null,
        1,
        2,
        null,
        null,
        1,
        2,
        2,
        1,
        1,
        null,
        1,
        1,
        null,
        null,
        null,
        1,
        9,
        9,
        null,
        null,
        1,
        2,
        null,
        null,
        1,
        2,
        2,
        1,
        1,
        null,
        1,
        null,
        null,
        null,
        1,
        1,
        1,
        1,
        null,
        null,
        1,
        1,
        4,
        null,
        null
      ],
      "/Users/JonathanThom/Desktop/dogtography/app/controllers/reviews_controller.rb": [
        1,
        1,
        1,
        1,
        null,
        null,
        null,
        1,
        2,
        2,
        2,
        1,
        1,
        null,
        1,
        1,
        null,
        null,
        null,
        1,
        1,
        1,
        1,
        1,
        null,
        null,
        1,
        1,
        2,
        null,
        null
      ],
      "/Users/JonathanThom/Desktop/dogtography/app/jobs/application_job.rb": [
        1,
        null
      ],
      "/Users/JonathanThom/Desktop/dogtography/app/mailers/application_mailer.rb": [
        1,
        1,
        1,
        null
      ],
      "/Users/JonathanThom/Desktop/dogtography/app/mailers/contact_mailer.rb": [
        1,
        1,
        null,
        1,
        11,
        11,
        11,
        null,
        null
      ],
      "/Users/JonathanThom/Desktop/dogtography/app/models/package.rb": [
        1,
        1,
        1,
        null,
        1,
        1,
        1,
        null
      ],
      "/Users/JonathanThom/Desktop/dogtography/app/models/review.rb": [
        1,
        1,
        1,
        1,
        null
      ],
      "/Users/JonathanThom/Desktop/dogtography/spec/factories/package.rb": [
        1,
        null,
        1,
        1,
        1,
        1,
        1,
        8,
        null,
        null
      ],
      "/Users/JonathanThom/Desktop/dogtography/spec/factories/review.rb": [
        1,
        1,
        1,
        1,
        1,
        null,
        null
      ],
      "/Users/JonathanThom/Desktop/dogtography/spec/factories/user.rb": [
        1,
        1,
        1,
        1,
        1,
        null,
        null
      ],
      "/Users/JonathanThom/Desktop/dogtography/spec/support/factory_girl.rb": [
        1,
        1,
        null
      ],
      "/Users/JonathanThom/Desktop/dogtography/spec/features/reviews_path_spec.rb": [
        1,
        null,
        1,
        1,
        1,
        1,
        1,
        1,
        1,
        1,
        1,
        null,
        null,
        1,
        1,
        1,
        1,
        1,
        1,
        1,
        null,
        null,
        1,
        1,
        1,
        1,
        1,
        1,
        1,
        1,
        null,
        null,
        null
      ],
      "/Users/JonathanThom/Desktop/dogtography/spec/mailers/contact_mailer_spec.rb": [
        1,
        null,
        1,
        2,
        null,
        1,
        2,
        2,
        null,
        null
      ],
      "/Users/JonathanThom/Desktop/dogtography/spec/models/package_spec.rb": [
        1,
        null,
        1,
        2,
        2,
        2,
        2,
        2,
        null
      ],
      "/Users/JonathanThom/Desktop/dogtography/spec/models/review_spec.rb": [
        1,
        null,
        1,
        2,
        2,
        2,
        null
      ],
      "/Users/JonathanThom/Desktop/dogtography/spec/models/user_spec.rb": [
        1,
        null,
        1,
        2,
        2,
        null
      ]
    },
    "timestamp": 1487368453
  }
}
